<?xml version="1.0" encoding="UTF-8"?>
<!-- Generated by org.testng.reporters.JUnitXMLReporter -->
<testsuite hostname="LAPTOP-5T8HVO9F" ignored="0" name="Default test" tests="3" failures="0" timestamp="2021-06-04T14:45:59 CDT" time="50.626" errors="0">
  <testcase name="CreateAnAccountTest" time="10.876" classname="tests.HomepageSignInLinkTests"/>
  <testcase name="SignInPageYourPersonalInfoForm" time="6.817" classname="tests.HomepageSignInLinkTests"/>
  <testcase name="SignInPageYourAddressForm" time="9.489" classname="tests.HomepageSignInLinkTests"/>
</testsuite> <!-- Default test -->
